<?xml version="1.0" encoding="UTF-8"?>
<testsuite name="com.williamfiset.algorithms.datastructures.fenwicktree.FenwickTreeRangeUpdatePointQueryTest" tests="6" skipped="0" failures="0" errors="0" timestamp="2026-01-03T14:48:45.976Z" hostname="be:36:ce:0e:06:f7" time="0.012">
  <properties/>
  <testcase name="testFenwickTreeRangeUpdatePointQueryNegativeNumbers()" classname="com.williamfiset.algorithms.datastructures.fenwicktree.FenwickTreeRangeUpdatePointQueryTest" time="0.001"/>
  <testcase name="testFenwickTreeRangeUpdatePointQueryOverlappingRanges()" classname="com.williamfiset.algorithms.datastructures.fenwicktree.FenwickTreeRangeUpdatePointQueryTest" time="0.006"/>
  <testcase name="testIllegalCreation()" classname="com.williamfiset.algorithms.datastructures.fenwicktree.FenwickTreeRangeUpdatePointQueryTest" time="0.0"/>
  <testcase name="testFenwickTreeRangeUpdatePointQuerySimple2()" classname="com.williamfiset.algorithms.datastructures.fenwicktree.FenwickTreeRangeUpdatePointQueryTest" time="0.0"/>
  <testcase name="testFenwickTreeRangeUpdatePointQueryRepeatedAddition()" classname="com.williamfiset.algorithms.datastructures.fenwicktree.FenwickTreeRangeUpdatePointQueryTest" time="0.004"/>
  <testcase name="testFenwickTreeRangeUpdatePointQuerySimple()" classname="com.williamfiset.algorithms.datastructures.fenwicktree.FenwickTreeRangeUpdatePointQueryTest" time="0.0"/>
  <system-out><![CDATA[]]></system-out>
  <system-err><![CDATA[]]></system-err>
</testsuite>
