<?xml version="1.0" encoding="UTF-8"?>
<testsuite name="com.williamfiset.algorithms.datastructures.segmenttree.SumQueryMultiplicationUpdateSegmentTreeTest" tests="2" skipped="0" failures="0" errors="0" timestamp="2026-01-03T14:48:51.420Z" hostname="be:36:ce:0e:06:f7" time="0.002">
  <properties/>
  <testcase name="testRandomRangeSumUpdatesWithSumRangeQueries()" classname="com.williamfiset.algorithms.datastructures.segmenttree.SumQueryMultiplicationUpdateSegmentTreeTest" time="0.002"/>
  <testcase name="simpleTest()" classname="com.williamfiset.algorithms.datastructures.segmenttree.SumQueryMultiplicationUpdateSegmentTreeTest" time="0.0"/>
  <system-out><![CDATA[]]></system-out>
  <system-err><![CDATA[]]></system-err>
</testsuite>
