<?xml version="1.0" encoding="UTF-8"?>
<testsuite name="com.williamfiset.algorithms.other.SlidingWindowMaximumTest" tests="2" skipped="0" failures="0" errors="0" timestamp="2026-01-03T14:48:56.024Z" hostname="be:36:ce:0e:06:f7" time="0.231">
  <properties/>
  <testcase name="randomizedSlidingWindowTest()" classname="com.williamfiset.algorithms.other.SlidingWindowMaximumTest" time="0.231"/>
  <testcase name="smallWindowTest()" classname="com.williamfiset.algorithms.other.SlidingWindowMaximumTest" time="0.0"/>
  <system-out><![CDATA[]]></system-out>
  <system-err><![CDATA[]]></system-err>
</testsuite>
