<?xml version="1.0" encoding="UTF-8"?>
<testsuite name="com.williamfiset.algorithms.datastructures.priorityqueue.BinaryHeapTest" tests="11" skipped="0" failures="0" errors="0" timestamp="2026-01-03T14:48:48.130Z" hostname="be:36:ce:0e:06:f7" time="0.025">
  <properties/>
  <testcase name="testRandomizedRemoving()" classname="com.williamfiset.algorithms.datastructures.priorityqueue.BinaryHeapTest" time="0.006"/>
  <testcase name="testClear()" classname="com.williamfiset.algorithms.datastructures.priorityqueue.BinaryHeapTest" time="0.0"/>
  <testcase name="testEmpty()" classname="com.williamfiset.algorithms.datastructures.priorityqueue.BinaryHeapTest" time="0.0"/>
  <testcase name="testContainment()" classname="com.williamfiset.algorithms.datastructures.priorityqueue.BinaryHeapTest" time="0.0"/>
  <testcase name="testContainmentRandomized()" classname="com.williamfiset.algorithms.datastructures.priorityqueue.BinaryHeapTest" time="0.009"/>
  <testcase name="testRemoving()" classname="com.williamfiset.algorithms.datastructures.priorityqueue.BinaryHeapTest" time="0.0"/>
  <testcase name="testHeapify()" classname="com.williamfiset.algorithms.datastructures.priorityqueue.BinaryHeapTest" time="0.002"/>
  <testcase name="testRandomizedPolling()" classname="com.williamfiset.algorithms.datastructures.priorityqueue.BinaryHeapTest" time="0.004"/>
  <testcase name="testRemovingDuplicates()" classname="com.williamfiset.algorithms.datastructures.priorityqueue.BinaryHeapTest" time="0.0"/>
  <testcase name="testHeapProperty()" classname="com.williamfiset.algorithms.datastructures.priorityqueue.BinaryHeapTest" time="0.0"/>
  <testcase name="testPQReusability()" classname="com.williamfiset.algorithms.datastructures.priorityqueue.BinaryHeapTest" time="0.003"/>
  <system-out><![CDATA[]]></system-out>
  <system-err><![CDATA[]]></system-err>
</testsuite>
