<?xml version="1.0" encoding="UTF-8"?>
<testsuite name="com.williamfiset.algorithms.other.BitManipulationsTest" tests="3" skipped="0" failures="0" errors="0" timestamp="2026-01-03T14:48:55.955Z" hostname="be:36:ce:0e:06:f7" time="0.001">
  <properties/>
  <testcase name="testPowerOfTwo()" classname="com.williamfiset.algorithms.other.BitManipulationsTest" time="0.001"/>
  <testcase name="testClearBit()" classname="com.williamfiset.algorithms.other.BitManipulationsTest" time="0.0"/>
  <testcase name="testSetBit()" classname="com.williamfiset.algorithms.other.BitManipulationsTest" time="0.0"/>
  <system-out><![CDATA[]]></system-out>
  <system-err><![CDATA[]]></system-err>
</testsuite>
