<?xml version="1.0" encoding="UTF-8"?>
<testsuite name="com.williamfiset.algorithms.graphtheory.KahnsTest" tests="4" skipped="0" failures="0" errors="0" timestamp="2026-01-03T14:48:53.587Z" hostname="be:36:ce:0e:06:f7" time="0.084">
  <properties/>
  <testcase name="randomTests()" classname="com.williamfiset.algorithms.graphtheory.KahnsTest" time="0.083"/>
  <testcase name="randomTest()" classname="com.williamfiset.algorithms.graphtheory.KahnsTest" time="0.0"/>
  <testcase name="verifyIsTopsortOrdering()" classname="com.williamfiset.algorithms.graphtheory.KahnsTest" time="0.0"/>
  <testcase name="cycleInGraph()" classname="com.williamfiset.algorithms.graphtheory.KahnsTest" time="0.001"/>
  <system-out><![CDATA[]]></system-out>
  <system-err><![CDATA[]]></system-err>
</testsuite>
