<?xml version="1.0" encoding="UTF-8"?>
<testsuite name="com.williamfiset.algorithms.datastructures.queue.IntQueueTest" tests="6" skipped="0" failures="0" errors="0" timestamp="2026-01-03T14:48:50.213Z" hostname="be:36:ce:0e:06:f7" time="0.027">
  <properties/>
  <testcase name="testEmptyQueue()" classname="com.williamfiset.algorithms.datastructures.queue.IntQueueTest" time="0.0"/>
  <testcase name="testofferOneElement()" classname="com.williamfiset.algorithms.datastructures.queue.IntQueueTest" time="0.0"/>
  <testcase name="testAll()" classname="com.williamfiset.algorithms.datastructures.queue.IntQueueTest" time="0.0"/>
  <testcase name="testPeekOneElement()" classname="com.williamfiset.algorithms.datastructures.queue.IntQueueTest" time="0.0"/>
  <testcase name="testpollOneElement()" classname="com.williamfiset.algorithms.datastructures.queue.IntQueueTest" time="0.0"/>
  <testcase name="testRandom()" classname="com.williamfiset.algorithms.datastructures.queue.IntQueueTest" time="0.026"/>
  <system-out><![CDATA[]]></system-out>
  <system-err><![CDATA[]]></system-err>
</testsuite>
