<?xml version="1.0" encoding="UTF-8"?>
<testsuite name="com.williamfiset.algorithms.graphtheory.KosarajuTest" tests="8" skipped="0" failures="0" errors="0" timestamp="2026-01-03T14:48:53.671Z" hostname="be:36:ce:0e:06:f7" time="0.001">
  <properties/>
  <testcase name="testLastGraphInSlides()" classname="com.williamfiset.algorithms.graphtheory.KosarajuTest" time="0.0"/>
  <testcase name="singletonCase()" classname="com.williamfiset.algorithms.graphtheory.KosarajuTest" time="0.0"/>
  <testcase name="testDisjointTree()" classname="com.williamfiset.algorithms.graphtheory.KosarajuTest" time="0.0"/>
  <testcase name="testButterflyCase()" classname="com.williamfiset.algorithms.graphtheory.KosarajuTest" time="0.0"/>
  <testcase name="testDisjointTreeFromHackerrank()" classname="com.williamfiset.algorithms.graphtheory.KosarajuTest" time="0.0"/>
  <testcase name="nullGraphConstructor()" classname="com.williamfiset.algorithms.graphtheory.KosarajuTest" time="0.001"/>
  <testcase name="testFirstGraphInSlides()" classname="com.williamfiset.algorithms.graphtheory.KosarajuTest" time="0.0"/>
  <testcase name="testTwoDisjointComponents()" classname="com.williamfiset.algorithms.graphtheory.KosarajuTest" time="0.0"/>
  <system-out><![CDATA[]]></system-out>
  <system-err><![CDATA[]]></system-err>
</testsuite>
