<?xml version="1.0" encoding="UTF-8"?>
<testsuite name="com.williamfiset.algorithms.datastructures.bloomfilter.BloomFilterTest" tests="3" skipped="0" failures="0" errors="0" timestamp="2026-01-03T14:48:45.884Z" hostname="be:36:ce:0e:06:f7" time="0.021">
  <properties/>
  <testcase name="containsTests()" classname="com.williamfiset.algorithms.datastructures.bloomfilter.BloomFilterTest" time="0.02"/>
  <testcase name="testStringSetAllSubsetsFailure()" classname="com.williamfiset.algorithms.datastructures.bloomfilter.BloomFilterTest" time="0.001"/>
  <testcase name="testStringSetAllSubsets()" classname="com.williamfiset.algorithms.datastructures.bloomfilter.BloomFilterTest" time="0.0"/>
  <system-out><![CDATA[]]></system-out>
  <system-err><![CDATA[]]></system-err>
</testsuite>
