<?xml version="1.0" encoding="UTF-8"?>
<testsuite name="com.williamfiset.algorithms.graphtheory.SteinerTreeTest" tests="4" skipped="0" failures="0" errors="0" timestamp="2026-01-03T14:48:53.672Z" hostname="be:36:ce:0e:06:f7" time="0.0">
  <properties/>
  <testcase name="testCycleGraph()" classname="com.williamfiset.algorithms.graphtheory.SteinerTreeTest" time="0.0"/>
  <testcase name="testOneTerminalNodeGivesZero()" classname="com.williamfiset.algorithms.graphtheory.SteinerTreeTest" time="0.0"/>
  <testcase name="testTreeGraph()" classname="com.williamfiset.algorithms.graphtheory.SteinerTreeTest" time="0.0"/>
  <testcase name="testNoTerminalNodesGivesZero()" classname="com.williamfiset.algorithms.graphtheory.SteinerTreeTest" time="0.0"/>
  <system-out><![CDATA[]]></system-out>
  <system-err><![CDATA[]]></system-err>
</testsuite>
