<?xml version="1.0" encoding="UTF-8"?>
<testsuite name="com.williamfiset.algorithms.datastructures.suffixarray.SuffixArrayTest" tests="6" skipped="0" failures="0" errors="0" timestamp="2026-01-03T14:48:52.659Z" hostname="be:36:ce:0e:06:f7" time="0.002">
  <properties/>
  <testcase name="lcpTest1()" classname="com.williamfiset.algorithms.datastructures.suffixarray.SuffixArrayTest" time="0.001"/>
  <testcase name="lcpTest2()" classname="com.williamfiset.algorithms.datastructures.suffixarray.SuffixArrayTest" time="0.0"/>
  <testcase name="suffixArrayLength()" classname="com.williamfiset.algorithms.datastructures.suffixarray.SuffixArrayTest" time="0.0"/>
  <testcase name="increasingLCPTest()" classname="com.williamfiset.algorithms.datastructures.suffixarray.SuffixArrayTest" time="0.0"/>
  <testcase name="saConstruction()" classname="com.williamfiset.algorithms.datastructures.suffixarray.SuffixArrayTest" time="0.001"/>
  <testcase name="lcsUniqueCharacters()" classname="com.williamfiset.algorithms.datastructures.suffixarray.SuffixArrayTest" time="0.0"/>
  <system-out><![CDATA[]]></system-out>
  <system-err><![CDATA[]]></system-err>
</testsuite>
