<?xml version="1.0" encoding="UTF-8"?>
<testsuite name="com.williamfiset.algorithms.datastructures.binarysearchtree.SplayTreeTest" tests="5" skipped="0" failures="0" errors="0" timestamp="2026-01-03T14:48:45.881Z" hostname="be:36:ce:0e:06:f7" time="0.003">
  <properties/>
  <testcase name="findMax()" classname="com.williamfiset.algorithms.datastructures.binarysearchtree.SplayTreeTest" time="0.001"/>
  <testcase name="getRoot()" classname="com.williamfiset.algorithms.datastructures.binarysearchtree.SplayTreeTest" time="0.0"/>
  <testcase name="insertSearch()" classname="com.williamfiset.algorithms.datastructures.binarysearchtree.SplayTreeTest" time="0.0"/>
  <testcase name="splayTreePriorityQueueConsistencyTest()" classname="com.williamfiset.algorithms.datastructures.binarysearchtree.SplayTreeTest" time="0.0"/>
  <testcase name="splayInsertDeleteSearch()" classname="com.williamfiset.algorithms.datastructures.binarysearchtree.SplayTreeTest" time="0.001"/>
  <system-out><![CDATA[]]></system-out>
  <system-err><![CDATA[]]></system-err>
</testsuite>
