<?xml version="1.0" encoding="UTF-8"?>
<testsuite name="com.williamfiset.algorithms.search.InterpolationSearchTest" tests="4" skipped="0" failures="0" errors="0" timestamp="2026-01-03T14:48:56.256Z" hostname="be:36:ce:0e:06:f7" time="0.001">
  <properties/>
  <testcase name="Search value: 2, Expected index: 2" classname="com.williamfiset.algorithms.search.InterpolationSearchTest" time="0.001"/>
  <testcase name="Search value: 5, Expected index: 5" classname="com.williamfiset.algorithms.search.InterpolationSearchTest" time="0.0"/>
  <testcase name="Search value: -1, Expected index: -1" classname="com.williamfiset.algorithms.search.InterpolationSearchTest" time="0.0"/>
  <testcase name="Search value: 8, Expected index: -1" classname="com.williamfiset.algorithms.search.InterpolationSearchTest" time="0.0"/>
  <system-out><![CDATA[]]></system-out>
  <system-err><![CDATA[]]></system-err>
</testsuite>
