<?xml version="1.0" encoding="UTF-8"?>
<testsuite name="com.williamfiset.algorithms.datastructures.segmenttree.SegmentTreeWithPointersTest" tests="4" skipped="0" failures="0" errors="0" timestamp="2026-01-03T14:48:51.412Z" hostname="be:36:ce:0e:06:f7" time="0.002">
  <properties/>
  <testcase name="testAllSumQueries()" classname="com.williamfiset.algorithms.datastructures.segmenttree.SegmentTreeWithPointersTest" time="0.001"/>
  <testcase name="testSumQuery()" classname="com.williamfiset.algorithms.datastructures.segmenttree.SegmentTreeWithPointersTest" time="0.0"/>
  <testcase name="testIllegalSegmentTreeCreation1()" classname="com.williamfiset.algorithms.datastructures.segmenttree.SegmentTreeWithPointersTest" time="0.0"/>
  <testcase name="testIllegalSegmentTreeCreation2()" classname="com.williamfiset.algorithms.datastructures.segmenttree.SegmentTreeWithPointersTest" time="0.0"/>
  <system-out><![CDATA[]]></system-out>
  <system-err><![CDATA[]]></system-err>
</testsuite>
