<?xml version="1.0" encoding="UTF-8"?>
<testsuite name="com.williamfiset.algorithms.datastructures.balancedtree.TreapTreeTest" tests="7" skipped="0" failures="0" errors="0" timestamp="2026-01-03T14:48:45.811Z" hostname="be:36:ce:0e:06:f7" time="0.054">
  <properties/>
  <testcase name="testRightLeftCase()" classname="com.williamfiset.algorithms.datastructures.balancedtree.TreapTreeTest" time="0.001"/>
  <testcase name="testNullInsertion()" classname="com.williamfiset.algorithms.datastructures.balancedtree.TreapTreeTest" time="0.0"/>
  <testcase name="testTreeContainsNull()" classname="com.williamfiset.algorithms.datastructures.balancedtree.TreapTreeTest" time="0.0"/>
  <testcase name="LeftLeftCase()" classname="com.williamfiset.algorithms.datastructures.balancedtree.TreapTreeTest" time="0.0"/>
  <testcase name="testLeftRightCase()" classname="com.williamfiset.algorithms.datastructures.balancedtree.TreapTreeTest" time="0.0"/>
  <testcase name="randomTreapOperations()" classname="com.williamfiset.algorithms.datastructures.balancedtree.TreapTreeTest" time="0.052"/>
  <testcase name="testRightRightCase()" classname="com.williamfiset.algorithms.datastructures.balancedtree.TreapTreeTest" time="0.0"/>
  <system-out><![CDATA[]]></system-out>
  <system-err><![CDATA[]]></system-err>
</testsuite>
