<?xml version="1.0" encoding="UTF-8"?>
<testsuite name="com.williamfiset.algorithms.graphtheory.BreadthFirstSearchAdjacencyListIterativeTest" tests="5" skipped="0" failures="0" errors="0" timestamp="2026-01-03T14:48:53.082Z" hostname="be:36:ce:0e:06:f7" time="0.179">
  <properties/>
  <testcase name="testSingletonGraph()" classname="com.williamfiset.algorithms.graphtheory.BreadthFirstSearchAdjacencyListIterativeTest" time="0.0"/>
  <testcase name="testShortestPathAgainstBellmanFord()" classname="com.williamfiset.algorithms.graphtheory.BreadthFirstSearchAdjacencyListIterativeTest" time="0.179"/>
  <testcase name="testNullGraphInput()" classname="com.williamfiset.algorithms.graphtheory.BreadthFirstSearchAdjacencyListIterativeTest" time="0.0"/>
  <testcase name="testThreeNodeGraph()" classname="com.williamfiset.algorithms.graphtheory.BreadthFirstSearchAdjacencyListIterativeTest" time="0.0"/>
  <testcase name="testTwoNodeGraph()" classname="com.williamfiset.algorithms.graphtheory.BreadthFirstSearchAdjacencyListIterativeTest" time="0.0"/>
  <system-out><![CDATA[]]></system-out>
  <system-err><![CDATA[]]></system-err>
</testsuite>
