<?xml version="1.0" encoding="UTF-8"?>
<testsuite name="com.williamfiset.algorithms.datastructures.balancedtree.AVLTreeTest" tests="11" skipped="0" failures="0" errors="0" timestamp="2026-01-03T14:48:27.072Z" hostname="be:36:ce:0e:06:f7" time="1.226">
  <properties/>
  <testcase name="testRightLeftCase()" classname="com.williamfiset.algorithms.datastructures.balancedtree.AVLTreeTest" time="0.01"/>
  <testcase name="testNullInsertion()" classname="com.williamfiset.algorithms.datastructures.balancedtree.AVLTreeTest" time="0.001"/>
  <testcase name="testTreeContainsNull()" classname="com.williamfiset.algorithms.datastructures.balancedtree.AVLTreeTest" time="0.0"/>
  <testcase name="testTreeHeight()" classname="com.williamfiset.algorithms.datastructures.balancedtree.AVLTreeTest" time="0.003"/>
  <testcase name="testRandomizedValueInsertionsAgainstTreeSet()" classname="com.williamfiset.algorithms.datastructures.balancedtree.AVLTreeTest" time="0.013"/>
  <testcase name="testLeftLeftCase()" classname="com.williamfiset.algorithms.datastructures.balancedtree.AVLTreeTest" time="0.0"/>
  <testcase name="testLeftRightCase()" classname="com.williamfiset.algorithms.datastructures.balancedtree.AVLTreeTest" time="0.0"/>
  <testcase name="randomRemoveTests()" classname="com.williamfiset.algorithms.datastructures.balancedtree.AVLTreeTest" time="1.19"/>
  <testcase name="testNullRemoval()" classname="com.williamfiset.algorithms.datastructures.balancedtree.AVLTreeTest" time="0.0"/>
  <testcase name="testRandomizedBalanceFactorTest()" classname="com.williamfiset.algorithms.datastructures.balancedtree.AVLTreeTest" time="0.005"/>
  <testcase name="testRightRightCase()" classname="com.williamfiset.algorithms.datastructures.balancedtree.AVLTreeTest" time="0.001"/>
  <system-out><![CDATA[]]></system-out>
  <system-err><![CDATA[]]></system-err>
</testsuite>
