<?xml version="1.0" encoding="UTF-8"?>
<testsuite name="com.williamfiset.algorithms.graphtheory.networkflow.BipartiteGraphCheckAdjacencyListTest" tests="6" skipped="0" failures="0" errors="0" timestamp="2026-01-03T14:48:53.795Z" hostname="be:36:ce:0e:06:f7" time="0.001">
  <properties/>
  <testcase name="testSingleton()" classname="com.williamfiset.algorithms.graphtheory.networkflow.BipartiteGraphCheckAdjacencyListTest" time="0.0"/>
  <testcase name="testSquareBipartiteGraph()" classname="com.williamfiset.algorithms.graphtheory.networkflow.BipartiteGraphCheckAdjacencyListTest" time="0.0"/>
  <testcase name="testTriangleGraph()" classname="com.williamfiset.algorithms.graphtheory.networkflow.BipartiteGraphCheckAdjacencyListTest" time="0.0"/>
  <testcase name="testDisjointBipartiteGraphComponents()" classname="com.williamfiset.algorithms.graphtheory.networkflow.BipartiteGraphCheckAdjacencyListTest" time="0.0"/>
  <testcase name="testTwoNodeGraph()" classname="com.williamfiset.algorithms.graphtheory.networkflow.BipartiteGraphCheckAdjacencyListTest" time="0.001"/>
  <testcase name="testSquareBipartiteGraphWithAdditionalEdge()" classname="com.williamfiset.algorithms.graphtheory.networkflow.BipartiteGraphCheckAdjacencyListTest" time="0.0"/>
  <system-out><![CDATA[]]></system-out>
  <system-err><![CDATA[]]></system-err>
</testsuite>
