<?xml version="1.0" encoding="UTF-8"?>
<testsuite name="com.williamfiset.algorithms.datastructures.priorityqueue.BinaryHeapQuickRemovalsTest" tests="11" skipped="0" failures="0" errors="0" timestamp="2026-01-03T14:48:48.093Z" hostname="be:36:ce:0e:06:f7" time="0.037">
  <properties/>
  <testcase name="testRandomizedRemoving()" classname="com.williamfiset.algorithms.datastructures.priorityqueue.BinaryHeapQuickRemovalsTest" time="0.01"/>
  <testcase name="testClear()" classname="com.williamfiset.algorithms.datastructures.priorityqueue.BinaryHeapQuickRemovalsTest" time="0.0"/>
  <testcase name="testEmpty()" classname="com.williamfiset.algorithms.datastructures.priorityqueue.BinaryHeapQuickRemovalsTest" time="0.0"/>
  <testcase name="testContainment()" classname="com.williamfiset.algorithms.datastructures.priorityqueue.BinaryHeapQuickRemovalsTest" time="0.0"/>
  <testcase name="testContainmentRandomized()" classname="com.williamfiset.algorithms.datastructures.priorityqueue.BinaryHeapQuickRemovalsTest" time="0.01"/>
  <testcase name="testRemoving()" classname="com.williamfiset.algorithms.datastructures.priorityqueue.BinaryHeapQuickRemovalsTest" time="0.001"/>
  <testcase name="testHeapify()" classname="com.williamfiset.algorithms.datastructures.priorityqueue.BinaryHeapQuickRemovalsTest" time="0.004"/>
  <testcase name="testRandomizedPolling()" classname="com.williamfiset.algorithms.datastructures.priorityqueue.BinaryHeapQuickRemovalsTest" time="0.007"/>
  <testcase name="testRemovingDuplicates()" classname="com.williamfiset.algorithms.datastructures.priorityqueue.BinaryHeapQuickRemovalsTest" time="0.0"/>
  <testcase name="testHeapProperty()" classname="com.williamfiset.algorithms.datastructures.priorityqueue.BinaryHeapQuickRemovalsTest" time="0.0"/>
  <testcase name="testPQReusability()" classname="com.williamfiset.algorithms.datastructures.priorityqueue.BinaryHeapQuickRemovalsTest" time="0.005"/>
  <system-out><![CDATA[]]></system-out>
  <system-err><![CDATA[]]></system-err>
</testsuite>
