<?xml version="1.0" encoding="UTF-8"?>
<testsuite name="com.williamfiset.algorithms.graphtheory.treealgorithms.LowestCommonAncestorEulerTourTest" tests="4" skipped="0" failures="0" errors="0" timestamp="2026-01-03T14:48:54.165Z" hostname="be:36:ce:0e:06:f7" time="0.229">
  <properties/>
  <testcase name="testLcaTreeFromSlides1()" classname="com.williamfiset.algorithms.graphtheory.treealgorithms.LowestCommonAncestorEulerTourTest" time="0.001"/>
  <testcase name="testLcaTreeFromSlides2()" classname="com.williamfiset.algorithms.graphtheory.treealgorithms.LowestCommonAncestorEulerTourTest" time="0.0"/>
  <testcase name="randomizedLcaQueriesVsOtherImpl()" classname="com.williamfiset.algorithms.graphtheory.treealgorithms.LowestCommonAncestorEulerTourTest" time="0.228"/>
  <testcase name="testLcaOfTheSameNodeIsItself()" classname="com.williamfiset.algorithms.graphtheory.treealgorithms.LowestCommonAncestorEulerTourTest" time="0.0"/>
  <system-out><![CDATA[]]></system-out>
  <system-err><![CDATA[]]></system-err>
</testsuite>
