<?xml version="1.0" encoding="UTF-8"?>
<testsuite name="com.williamfiset.algorithms.datastructures.set.HSetTest" tests="4" skipped="0" failures="0" errors="0" timestamp="2026-01-03T14:48:51.429Z" hostname="be:36:ce:0e:06:f7" time="1.085">
  <properties/>
  <testcase name="t()" classname="com.williamfiset.algorithms.datastructures.set.HSetTest" time="0.0"/>
  <testcase name="testAddRemove()" classname="com.williamfiset.algorithms.datastructures.set.HSetTest" time="0.0"/>
  <testcase name="randomizedSetTest()" classname="com.williamfiset.algorithms.datastructures.set.HSetTest" time="0.551"/>
  <testcase name="randomizedSetTest2()" classname="com.williamfiset.algorithms.datastructures.set.HSetTest" time="0.534"/>
  <system-out><![CDATA[]]></system-out>
  <system-err><![CDATA[]]></system-err>
</testsuite>
