<?xml version="1.0" encoding="UTF-8"?>
<testsuite name="com.williamfiset.algorithms.datastructures.segmenttree.SumQueryAssignUpdateSegmentTreeTest" tests="2" skipped="0" failures="0" errors="0" timestamp="2026-01-03T14:48:51.414Z" hostname="be:36:ce:0e:06:f7" time="0.005">
  <properties/>
  <testcase name="testRandomRangeAssignUpdatesWithSumRangeQueries()" classname="com.williamfiset.algorithms.datastructures.segmenttree.SumQueryAssignUpdateSegmentTreeTest" time="0.005"/>
  <testcase name="simpleTest()" classname="com.williamfiset.algorithms.datastructures.segmenttree.SumQueryAssignUpdateSegmentTreeTest" time="0.0"/>
  <system-out><![CDATA[]]></system-out>
  <system-err><![CDATA[]]></system-err>
</testsuite>
